remote: Compressing source files... done.        
remote: Building source:        
remote: 
remote: -----> Java app detected
remote: -----> Installing JDK 1.8... done        
remote: -----> Installing Maven 3.3.9... done        
remote: -----> Executing: mvn -DskipTests clean dependency:list install        
remote:        [INFO] Scanning for projects...        
remote:        [INFO]                                                                                 
remote:        [INFO] ------------------------------------------------------------------------        
remote:        [INFO] Building BookService 1.0-SNAPSHOT        
remote:        [INFO] ------------------------------------------------------------------------        
remote:        [INFO]         
remote:        [INFO] --- maven-clean-plugin:3.0.0:clean (default-clean) @ BookService ---        
remote:        [INFO] Deleting /tmp/build_506656f0e0f340c36560c7dfda39e02a/target        
remote:        [INFO]         
remote:        [INFO] --- maven-dependency-plugin:3.0.2:list (default-cli) @ BookService ---        
remote:        [INFO]         
remote:        [INFO] --- maven-resources-plugin:3.0.2:resources (default-resources) @ BookService ---        
remote:        [INFO] Using 'UTF-8' encoding to copy filtered resources.        
remote:        [INFO] skip non existing resourceDirectory /tmp/build_506656f0e0f340c36560c7dfda39e02a/src/main/resources        
remote:        [INFO] skip non existing resourceDirectory /tmp/build_506656f0e0f340c36560c7dfda39e02a/src/main/resources        
remote:        [INFO]         
remote:        [INFO] --- maven-compiler-plugin:3.7.0:compile (default-compile) @ BookService ---        
remote:        [INFO] Changes detected - recompiling the module!        
remote:        [INFO] Compiling 18 source files to /tmp/build_506656f0e0f340c36560c7dfda39e02a/target/classes        
remote:        [INFO]         
remote:        [INFO] --- maven-resources-plugin:3.0.2:testResources (default-testResources) @ BookService ---        
remote:        [INFO] Using 'UTF-8' encoding to copy filtered resources.        
remote:        [INFO] skip non existing resourceDirectory /tmp/build_506656f0e0f340c36560c7dfda39e02a/src/test/resources        
remote:        [INFO]         
remote:        [INFO] --- maven-compiler-plugin:3.7.0:testCompile (default-testCompile) @ BookService ---        
remote:        [INFO] Changes detected - recompiling the module!        
remote:        [INFO] Compiling 1 source file to /tmp/build_506656f0e0f340c36560c7dfda39e02a/target/test-classes        
remote:        [INFO]         
remote:        [INFO] --- maven-surefire-plugin:2.21.0:test (default-test) @ BookService ---        
remote:        [INFO] Tests are skipped.        
remote:        [INFO]         
remote:        [INFO] --- maven-jar-plugin:3.0.2:jar (default-jar) @ BookService ---        
remote:        [INFO] Building jar: /tmp/build_506656f0e0f340c36560c7dfda39e02a/target/BookService-1.0-SNAPSHOT.jar        
remote:        [INFO]         
remote:        [INFO] --- spring-boot-maven-plugin:2.0.5.RELEASE:repackage (default) @ BookService ---        
remote:        [INFO]         
remote:        [INFO] --- maven-install-plugin:2.5.2:install (default-install) @ BookService ---        
remote:        [INFO] Installing /tmp/build_506656f0e0f340c36560c7dfda39e02a/target/BookService-1.0-SNAPSHOT.jar to /app/tmp/cache/.m2/repository/SEP3/BookService/1.0-SNAPSHOT/BookService-1.0-SNAPSHOT.jar        
remote:        [INFO] Installing /tmp/build_506656f0e0f340c36560c7dfda39e02a/pom.xml to /app/tmp/cache/.m2/repository/SEP3/BookService/1.0-SNAPSHOT/BookService-1.0-SNAPSHOT.pom        
remote:        [INFO] ------------------------------------------------------------------------        
remote:        [INFO] BUILD SUCCESS        
remote:        [INFO] ------------------------------------------------------------------------        
remote:        [INFO] Total time: 7.615 s        
remote:        [INFO] Finished at: 2018-11-17T14:50:18+00:00        
remote:        [INFO] Final Memory: 37M/249M        
remote:        [INFO] ------------------------------------------------------------------------        
remote: -----> Discovering process types        
remote:        Procfile declares types     -> (none)        
remote:        Default types for buildpack -> web        
remote: 
remote: -----> Compressing...        
remote:        Done: 64.6M        
remote: -----> Launching...        
remote:        Released v5        
remote:        https://sep3-bookservice.herokuapp.com/ deployed to Heroku        
remote: 
remote: Verifying deploy... done.        
To https://git.heroku.com/sep3-bookservice.git
   f2b8d89..925b68f  master -> master
